<?xml version="1.0" encoding="UTF-8"?>
<testng-results skipped="0" failed="0" total="1" passed="1">
  <reporter-output>
  </reporter-output>
  <suite name="Suite" duration-ms="6552" started-at="2019-03-14T06:31:27Z" finished-at="2019-03-14T06:31:33Z">
    <groups>
    </groups>
    <test name="Test" duration-ms="6552" started-at="2019-03-14T06:31:27Z" finished-at="2019-03-14T06:31:33Z">
      <class name="testBaidu.testBaidu">
        <test-method status="PASS" signature="open()[pri:0, instance:testBaidu.testBaidu@2280cdac]" name="open" duration-ms="6544" started-at="2019-03-14T14:31:27Z" finished-at="2019-03-14T14:31:33Z">
          <reporter-output>
          </reporter-output>
        </test-method> <!-- open -->
      </class> <!-- testBaidu.testBaidu -->
    </test> <!-- Test -->
  </suite> <!-- Suite -->
</testng-results>
